This file contains any messages produced by compilers while
running configure, to aid debugging if configure makes a mistake.

It was created by configure, which was
generated by GNU Autoconf 2.69.  Invocation command line was

  $ ./configure --prefix=/home/rtos/torcs-1.3.7/build

## --------- ##
## Platform. ##
## --------- ##

hostname = rtosbych
uname -m = x86_64
uname -r = 5.4.0-53-generic
uname -s = Linux
uname -v = #59-Ubuntu SMP Wed Oct 21 09:38:44 UTC 2020

/usr/bin/uname -p = x86_64
/bin/uname -X     = unknown

/bin/arch              = x86_64
/usr/bin/arch -k       = unknown
/usr/convex/getsysinfo = unknown
/usr/bin/hostinfo      = unknown
/bin/machine           = unknown
/usr/bin/oslevel       = unknown
/bin/universe          = unknown

PATH: /usr/local/sbin
PATH: /usr/local/bin
PATH: /usr/sbin
PATH: /usr/bin
PATH: /sbin
PATH: /bin
PATH: /usr/games
PATH: /usr/local/games
PATH: /snap/bin


## ----------- ##
## Core tests. ##
## ----------- ##

configure:2293: checking for a BSD-compatible install
configure:2361: result: /usr/bin/install -c
configure:2372: checking whether build environment is sane
configure:2427: result: yes
configure:2463: WARNING: 'missing' script is too old or missing
configure:2576: checking for a thread-safe mkdir -p
configure:2615: result: /usr/bin/mkdir -p
configure:2622: checking for gawk
configure:2652: result: no
configure:2622: checking for mawk
configure:2638: found /usr/bin/mawk
configure:2649: result: mawk
configure:2660: checking whether make sets $(MAKE)
configure:2682: result: yes
configure:2711: checking whether make supports nested variables
configure:2728: result: yes
configure:2862: checking for gcc
configure:2878: found /usr/bin/gcc
configure:2889: result: gcc
configure:3118: checking for C compiler version
configure:3127: gcc --version >&5
gcc (Ubuntu 9.3.0-17ubuntu1~20.04) 9.3.0
Copyright (C) 2019 Free Software Foundation, Inc.
This is free software; see the source for copying conditions.  There is NO
warranty; not even for MERCHANTABILITY or FITNESS FOR A PARTICULAR PURPOSE.

configure:3138: $? = 0
configure:3127: gcc -v >&5
Using built-in specs.
COLLECT_GCC=gcc
COLLECT_LTO_WRAPPER=/usr/lib/gcc/x86_64-linux-gnu/9/lto-wrapper
OFFLOAD_TARGET_NAMES=nvptx-none:hsa
OFFLOAD_TARGET_DEFAULT=1
Target: x86_64-linux-gnu
Configured with: ../src/configure -v --with-pkgversion='Ubuntu 9.3.0-17ubuntu1~20.04' --with-bugurl=file:///usr/share/doc/gcc-9/README.Bugs --enable-languages=c,ada,c++,go,brig,d,fortran,objc,obj-c++,gm2 --prefix=/usr --with-gcc-major-version-only --program-suffix=-9 --program-prefix=x86_64-linux-gnu- --enable-shared --enable-linker-build-id --libexecdir=/usr/lib --without-included-gettext --enable-threads=posix --libdir=/usr/lib --enable-nls --enable-clocale=gnu --enable-libstdcxx-debug --enable-libstdcxx-time=yes --with-default-libstdcxx-abi=new --enable-gnu-unique-object --disable-vtable-verify --enable-plugin --enable-default-pie --with-system-zlib --with-target-system-zlib=auto --enable-objc-gc=auto --enable-multiarch --disable-werror --with-arch-32=i686 --with-abi=m64 --with-multilib-list=m32,m64,mx32 --enable-multilib --with-tune=generic --enable-offload-targets=nvptx-none=/build/gcc-9-HskZEa/gcc-9-9.3.0/debian/tmp-nvptx/usr,hsa --without-cuda-driver --enable-checking=release --build=x86_64-linux-gnu --host=x86_64-linux-gnu --target=x86_64-linux-gnu
Thread model: posix
gcc version 9.3.0 (Ubuntu 9.3.0-17ubuntu1~20.04) 
configure:3138: $? = 0
configure:3127: gcc -V >&5
gcc: error: unrecognized command line option '-V'
gcc: fatal error: no input files
compilation terminated.
configure:3138: $? = 1
configure:3127: gcc -qversion >&5
gcc: error: unrecognized command line option '-qversion'; did you mean '--version'?
gcc: fatal error: no input files
compilation terminated.
configure:3138: $? = 1
configure:3158: checking whether the C compiler works
configure:3180: gcc -fPIC -fPIC  conftest.c  >&5
configure:3184: $? = 0
configure:3232: result: yes
configure:3235: checking for C compiler default output file name
configure:3237: result: a.out
configure:3243: checking for suffix of executables
configure:3250: gcc -o conftest -fPIC -fPIC  conftest.c  >&5
configure:3254: $? = 0
configure:3276: result: 
configure:3298: checking whether we are cross compiling
configure:3306: gcc -o conftest -fPIC -fPIC  conftest.c  >&5
configure:3310: $? = 0
configure:3317: ./conftest
configure:3321: $? = 0
configure:3309: result: no
configure:3314: checking for suffix of object files
configure:3336: gcc -c -fPIC -fPIC conftest.c >&5
configure:3340: $? = 0
configure:3361: result: o
configure:3365: checking whether we are using the GNU C compiler
configure:3384: gcc -c -fPIC -fPIC conftest.c >&5
configure:3384: $? = 0
configure:3393: result: yes
configure:3402: checking whether gcc accepts -g
configure:3422: gcc -c -g -fPIC conftest.c >&5
configure:3422: $? = 0
configure:3463: result: yes
configure:3480: checking for gcc option to accept ISO C89
configure:3543: gcc  -c -fPIC -fPIC conftest.c >&5
configure:3543: $? = 0
configure:3556: result: none needed
configure:3587: checking for style of include used by make
configure:3615: result: GNU
configure:3641: checking dependency style of gcc
configure:3752: result: none
configure:3772: checking how to run the C preprocessor
configure:3803: gcc -E -fPIC conftest.c
configure:3803: $? = 0
configure:3817: gcc -E -fPIC conftest.c
conftest.c:11:10: fatal error: ac_nonexistent.h: No such file or directory
   11 | #include <ac_nonexistent.h>
      |          ^~~~~~~~~~~~~~~~~~
compilation terminated.
configure:3817: $? = 1
configure: failed program was:
| /* confdefs.h */
| #define PACKAGE_NAME ""
| #define PACKAGE_TARNAME ""
| #define PACKAGE_VERSION ""
| #define PACKAGE_STRING ""
| #define PACKAGE_BUGREPORT ""
| #define PACKAGE_URL ""
| #define PACKAGE "torcs"
| #define VERSION "1.3.7"
| /* end confdefs.h.  */
| #include <ac_nonexistent.h>
configure:3842: result: gcc -E
configure:3862: gcc -E -fPIC conftest.c
configure:3862: $? = 0
configure:3876: gcc -E -fPIC conftest.c
conftest.c:11:10: fatal error: ac_nonexistent.h: No such file or directory
   11 | #include <ac_nonexistent.h>
      |          ^~~~~~~~~~~~~~~~~~
compilation terminated.
configure:3876: $? = 1
configure: failed program was:
| /* confdefs.h */
| #define PACKAGE_NAME ""
| #define PACKAGE_TARNAME ""
| #define PACKAGE_VERSION ""
| #define PACKAGE_STRING ""
| #define PACKAGE_BUGREPORT ""
| #define PACKAGE_URL ""
| #define PACKAGE "torcs"
| #define VERSION "1.3.7"
| /* end confdefs.h.  */
| #include <ac_nonexistent.h>
configure:3970: checking for g++
configure:3986: found /usr/bin/g++
configure:3997: result: g++
configure:4024: checking for C++ compiler version
configure:4033: g++ --version >&5
g++ (Ubuntu 9.3.0-17ubuntu1~20.04) 9.3.0
Copyright (C) 2019 Free Software Foundation, Inc.
This is free software; see the source for copying conditions.  There is NO
warranty; not even for MERCHANTABILITY or FITNESS FOR A PARTICULAR PURPOSE.

configure:4044: $? = 0
configure:4033: g++ -v >&5
Using built-in specs.
COLLECT_GCC=g++
COLLECT_LTO_WRAPPER=/usr/lib/gcc/x86_64-linux-gnu/9/lto-wrapper
OFFLOAD_TARGET_NAMES=nvptx-none:hsa
OFFLOAD_TARGET_DEFAULT=1
Target: x86_64-linux-gnu
Configured with: ../src/configure -v --with-pkgversion='Ubuntu 9.3.0-17ubuntu1~20.04' --with-bugurl=file:///usr/share/doc/gcc-9/README.Bugs --enable-languages=c,ada,c++,go,brig,d,fortran,objc,obj-c++,gm2 --prefix=/usr --with-gcc-major-version-only --program-suffix=-9 --program-prefix=x86_64-linux-gnu- --enable-shared --enable-linker-build-id --libexecdir=/usr/lib --without-included-gettext --enable-threads=posix --libdir=/usr/lib --enable-nls --enable-clocale=gnu --enable-libstdcxx-debug --enable-libstdcxx-time=yes --with-default-libstdcxx-abi=new --enable-gnu-unique-object --disable-vtable-verify --enable-plugin --enable-default-pie --with-system-zlib --with-target-system-zlib=auto --enable-objc-gc=auto --enable-multiarch --disable-werror --with-arch-32=i686 --with-abi=m64 --with-multilib-list=m32,m64,mx32 --enable-multilib --with-tune=generic --enable-offload-targets=nvptx-none=/build/gcc-9-HskZEa/gcc-9-9.3.0/debian/tmp-nvptx/usr,hsa --without-cuda-driver --enable-checking=release --build=x86_64-linux-gnu --host=x86_64-linux-gnu --target=x86_64-linux-gnu
Thread model: posix
gcc version 9.3.0 (Ubuntu 9.3.0-17ubuntu1~20.04) 
configure:4044: $? = 0
configure:4033: g++ -V >&5
g++: error: unrecognized command line option '-V'
g++: fatal error: no input files
compilation terminated.
configure:4044: $? = 1
configure:4033: g++ -qversion >&5
g++: error: unrecognized command line option '-qversion'; did you mean '--version'?
g++: fatal error: no input files
compilation terminated.
configure:4044: $? = 1
configure:4048: checking whether we are using the GNU C++ compiler
configure:4067: g++ -c -fPIC -fPIC conftest.cpp >&5
configure:4067: $? = 0
configure:4076: result: yes
configure:4085: checking whether g++ accepts -g
configure:4105: g++ -c -g -fPIC conftest.cpp >&5
configure:4105: $? = 0
configure:4146: result: yes
configure:4171: checking dependency style of g++
configure:4282: result: none
configure:4340: checking for ranlib
configure:4356: found /usr/bin/ranlib
configure:4367: result: ranlib
configure:4397: checking how to run the C++ preprocessor
configure:4424: g++ -E -fPIC conftest.cpp
configure:4424: $? = 0
configure:4438: g++ -E -fPIC conftest.cpp
conftest.cpp:11:10: fatal error: ac_nonexistent.h: No such file or directory
   11 | #include <ac_nonexistent.h>
      |          ^~~~~~~~~~~~~~~~~~
compilation terminated.
configure:4438: $? = 1
configure: failed program was:
| /* confdefs.h */
| #define PACKAGE_NAME ""
| #define PACKAGE_TARNAME ""
| #define PACKAGE_VERSION ""
| #define PACKAGE_STRING ""
| #define PACKAGE_BUGREPORT ""
| #define PACKAGE_URL ""
| #define PACKAGE "torcs"
| #define VERSION "1.3.7"
| /* end confdefs.h.  */
| #include <ac_nonexistent.h>
configure:4463: result: g++ -E
configure:4483: g++ -E -fPIC conftest.cpp
configure:4483: $? = 0
configure:4497: g++ -E -fPIC conftest.cpp
conftest.cpp:11:10: fatal error: ac_nonexistent.h: No such file or directory
   11 | #include <ac_nonexistent.h>
      |          ^~~~~~~~~~~~~~~~~~
compilation terminated.
configure:4497: $? = 1
configure: failed program was:
| /* confdefs.h */
| #define PACKAGE_NAME ""
| #define PACKAGE_TARNAME ""
| #define PACKAGE_VERSION ""
| #define PACKAGE_STRING ""
| #define PACKAGE_BUGREPORT ""
| #define PACKAGE_URL ""
| #define PACKAGE "torcs"
| #define VERSION "1.3.7"
| /* end confdefs.h.  */
| #include <ac_nonexistent.h>
configure:4526: checking for grep that handles long lines and -e
configure:4584: result: /usr/bin/grep
configure:4589: checking for egrep
configure:4651: result: /usr/bin/grep -E
configure:4656: checking for ANSI C header files
configure:4676: g++ -c -fPIC -fPIC conftest.cpp >&5
configure:4676: $? = 0
configure:4749: g++ -o conftest -fPIC -fPIC  conftest.cpp  >&5
configure:4749: $? = 0
configure:4749: ./conftest
configure:4749: $? = 0
configure:4760: result: yes
configure:4769: checking for an ANSI C-conforming const
configure:4835: g++ -c -fPIC -fPIC conftest.cpp >&5
configure:4835: $? = 0
configure:4842: result: yes
configure:4850: checking for inline
configure:4866: g++ -c -fPIC -fPIC conftest.cpp >&5
configure:4866: $? = 0
configure:4874: result: inline
configure:4892: checking whether time.h and sys/time.h may both be included
configure:4912: g++ -c -fPIC -fPIC conftest.cpp >&5
configure:4912: $? = 0
configure:4919: result: yes
configure:4930: checking for ar
configure:4958: result: ar
configure:4968: checking for ld
configure:4996: result: ld
configure:5010: checking for sys/types.h
configure:5010: g++ -c -fPIC -fPIC conftest.cpp >&5
configure:5010: $? = 0
configure:5010: result: yes
configure:5010: checking for sys/stat.h
configure:5010: g++ -c -fPIC -fPIC conftest.cpp >&5
configure:5010: $? = 0
configure:5010: result: yes
configure:5010: checking for stdlib.h
configure:5010: g++ -c -fPIC -fPIC conftest.cpp >&5
configure:5010: $? = 0
configure:5010: result: yes
configure:5010: checking for string.h
configure:5010: g++ -c -fPIC -fPIC conftest.cpp >&5
configure:5010: $? = 0
configure:5010: result: yes
configure:5010: checking for memory.h
configure:5010: g++ -c -fPIC -fPIC conftest.cpp >&5
configure:5010: $? = 0
configure:5010: result: yes
configure:5010: checking for strings.h
configure:5010: g++ -c -fPIC -fPIC conftest.cpp >&5
configure:5010: $? = 0
configure:5010: result: yes
configure:5010: checking for inttypes.h
configure:5010: g++ -c -fPIC -fPIC conftest.cpp >&5
configure:5010: $? = 0
configure:5010: result: yes
configure:5010: checking for stdint.h
configure:5010: g++ -c -fPIC -fPIC conftest.cpp >&5
configure:5010: $? = 0
configure:5010: result: yes
configure:5010: checking for unistd.h
configure:5010: g++ -c -fPIC -fPIC conftest.cpp >&5
configure:5010: $? = 0
configure:5010: result: yes
configure:5022: checking whether byte ordering is bigendian
configure:5037: g++ -c -fPIC -fPIC conftest.cpp >&5
conftest.cpp:23:9: error: expected unqualified-id before 'not' token
   23 |         not a universal capable compiler
      |         ^~~
configure:5037: $? = 1
configure: failed program was:
| /* confdefs.h */
| #define PACKAGE_NAME ""
| #define PACKAGE_TARNAME ""
| #define PACKAGE_VERSION ""
| #define PACKAGE_STRING ""
| #define PACKAGE_BUGREPORT ""
| #define PACKAGE_URL ""
| #define PACKAGE "torcs"
| #define VERSION "1.3.7"
| #define STDC_HEADERS 1
| #define TIME_WITH_SYS_TIME 1
| #define HAVE_SYS_TYPES_H 1
| #define HAVE_SYS_STAT_H 1
| #define HAVE_STDLIB_H 1
| #define HAVE_STRING_H 1
| #define HAVE_MEMORY_H 1
| #define HAVE_STRINGS_H 1
| #define HAVE_INTTYPES_H 1
| #define HAVE_STDINT_H 1
| #define HAVE_UNISTD_H 1
| /* end confdefs.h.  */
| #ifndef __APPLE_CC__
| 	       not a universal capable compiler
| 	     #endif
| 	     typedef int dummy;
| 
configure:5082: g++ -c -fPIC -fPIC conftest.cpp >&5
configure:5082: $? = 0
configure:5100: g++ -c -fPIC -fPIC conftest.cpp >&5
conftest.cpp: In function 'int main()':
conftest.cpp:29:8: error: 'big' was not declared in this scope
   29 |    not big endian
      |        ^~~
configure:5100: $? = 1
configure: failed program was:
| /* confdefs.h */
| #define PACKAGE_NAME ""
| #define PACKAGE_TARNAME ""
| #define PACKAGE_VERSION ""
| #define PACKAGE_STRING ""
| #define PACKAGE_BUGREPORT ""
| #define PACKAGE_URL ""
| #define PACKAGE "torcs"
| #define VERSION "1.3.7"
| #define STDC_HEADERS 1
| #define TIME_WITH_SYS_TIME 1
| #define HAVE_SYS_TYPES_H 1
| #define HAVE_SYS_STAT_H 1
| #define HAVE_STDLIB_H 1
| #define HAVE_STRING_H 1
| #define HAVE_MEMORY_H 1
| #define HAVE_STRINGS_H 1
| #define HAVE_INTTYPES_H 1
| #define HAVE_STDINT_H 1
| #define HAVE_UNISTD_H 1
| /* end confdefs.h.  */
| #include <sys/types.h>
| 		#include <sys/param.h>
| 
| int
| main ()
| {
| #if BYTE_ORDER != BIG_ENDIAN
| 		 not big endian
| 		#endif
| 
|   ;
|   return 0;
| }
configure:5228: result: no
configure:5247: checking for X
configure:5355: g++ -E -fPIC conftest.cpp
configure:5355: $? = 0
configure:5386: g++ -o conftest -fPIC -fPIC  conftest.cpp -lX11  >&5
configure:5386: $? = 0
configure:5436: result: libraries , headers 
configure:5490: checking GL/gl.h usability
configure:5490: g++ -c -fPIC -Wall -fPIC -fno-strict-aliasing -O2 -DUSE_RANDR_EXT -DGL_GLEXT_PROTOTYPES -fPIC conftest.cpp >&5
configure:5490: $? = 0
configure:5490: result: yes
configure:5490: checking GL/gl.h presence
configure:5490: g++ -E -fPIC conftest.cpp
configure:5490: $? = 0
configure:5490: result: yes
configure:5490: checking for GL/gl.h
configure:5490: result: yes
configure:5498: checking GL/glut.h usability
configure:5498: g++ -c -fPIC -Wall -fPIC -fno-strict-aliasing -O2 -DUSE_RANDR_EXT -DGL_GLEXT_PROTOTYPES -fPIC conftest.cpp >&5
configure:5498: $? = 0
configure:5498: result: yes
configure:5498: checking GL/glut.h presence
configure:5498: g++ -E -fPIC conftest.cpp
configure:5498: $? = 0
configure:5498: result: yes
configure:5498: checking for GL/glut.h
configure:5498: result: yes
configure:5506: checking GL/glx.h usability
configure:5506: g++ -c -fPIC -Wall -fPIC -fno-strict-aliasing -O2 -DUSE_RANDR_EXT -DGL_GLEXT_PROTOTYPES -fPIC conftest.cpp >&5
configure:5506: $? = 0
configure:5506: result: yes
configure:5506: checking GL/glx.h presence
configure:5506: g++ -E -fPIC conftest.cpp
configure:5506: $? = 0
configure:5506: result: yes
configure:5506: checking for GL/glx.h
configure:5506: result: yes
configure:5514: checking X11/Xlib.h usability
configure:5514: g++ -c -fPIC -Wall -fPIC -fno-strict-aliasing -O2 -DUSE_RANDR_EXT -DGL_GLEXT_PROTOTYPES -fPIC conftest.cpp >&5
configure:5514: $? = 0
configure:5514: result: yes
configure:5514: checking X11/Xlib.h presence
configure:5514: g++ -E -fPIC conftest.cpp
configure:5514: $? = 0
configure:5514: result: yes
configure:5514: checking for X11/Xlib.h
configure:5514: result: yes
configure:5522: checking X11/Xatom.h usability
configure:5522: g++ -c -fPIC -Wall -fPIC -fno-strict-aliasing -O2 -DUSE_RANDR_EXT -DGL_GLEXT_PROTOTYPES -fPIC conftest.cpp >&5
configure:5522: $? = 0
configure:5522: result: yes
configure:5522: checking X11/Xatom.h presence
configure:5522: g++ -E -fPIC conftest.cpp
configure:5522: $? = 0
configure:5522: result: yes
configure:5522: checking for X11/Xatom.h
configure:5522: result: yes
configure:5530: checking X11/keysym.h usability
configure:5530: g++ -c -fPIC -Wall -fPIC -fno-strict-aliasing -O2 -DUSE_RANDR_EXT -DGL_GLEXT_PROTOTYPES -fPIC conftest.cpp >&5
configure:5530: $? = 0
configure:5530: result: yes
configure:5530: checking X11/keysym.h presence
configure:5530: g++ -E -fPIC conftest.cpp
configure:5530: $? = 0
configure:5530: result: yes
configure:5530: checking for X11/keysym.h
configure:5530: result: yes
configure:5538: checking plib/ssg.h usability
configure:5538: g++ -c -fPIC -Wall -fPIC -fno-strict-aliasing -O2 -DUSE_RANDR_EXT -DGL_GLEXT_PROTOTYPES -fPIC conftest.cpp >&5
configure:5538: $? = 0
configure:5538: result: yes
configure:5538: checking plib/ssg.h presence
configure:5538: g++ -E -fPIC conftest.cpp
configure:5538: $? = 0
configure:5538: result: yes
configure:5538: checking for plib/ssg.h
configure:5538: result: yes
configure:5546: checking plib/ul.h usability
configure:5546: g++ -c -fPIC -Wall -fPIC -fno-strict-aliasing -O2 -DUSE_RANDR_EXT -DGL_GLEXT_PROTOTYPES -fPIC conftest.cpp >&5
configure:5546: $? = 0
configure:5546: result: yes
configure:5546: checking plib/ul.h presence
configure:5546: g++ -E -fPIC conftest.cpp
configure:5546: $? = 0
configure:5546: result: yes
configure:5546: checking for plib/ul.h
configure:5546: result: yes
configure:5554: checking plib/ssgAux.h usability
configure:5554: g++ -c -fPIC -Wall -fPIC -fno-strict-aliasing -O2 -DUSE_RANDR_EXT -DGL_GLEXT_PROTOTYPES -fPIC conftest.cpp >&5
configure:5554: $? = 0
configure:5554: result: yes
configure:5554: checking plib/ssgAux.h presence
configure:5554: g++ -E -fPIC conftest.cpp
configure:5554: $? = 0
configure:5554: result: yes
configure:5554: checking for plib/ssgAux.h
configure:5554: result: yes
configure:5562: checking plib/js.h usability
configure:5562: g++ -c -fPIC -Wall -fPIC -fno-strict-aliasing -O2 -DUSE_RANDR_EXT -DGL_GLEXT_PROTOTYPES -fPIC conftest.cpp >&5
configure:5562: $? = 0
configure:5562: result: yes
configure:5562: checking plib/js.h presence
configure:5562: g++ -E -fPIC conftest.cpp
configure:5562: $? = 0
configure:5562: result: yes
configure:5562: checking for plib/js.h
configure:5562: result: yes
configure:5570: checking AL/al.h usability
configure:5570: g++ -c -fPIC -Wall -fPIC -fno-strict-aliasing -O2 -DUSE_RANDR_EXT -DGL_GLEXT_PROTOTYPES -fPIC conftest.cpp >&5
configure:5570: $? = 0
configure:5570: result: yes
configure:5570: checking AL/al.h presence
configure:5570: g++ -E -fPIC conftest.cpp
configure:5570: $? = 0
configure:5570: result: yes
configure:5570: checking for AL/al.h
configure:5570: result: yes
configure:5578: checking AL/alut.h usability
configure:5578: g++ -c -fPIC -Wall -fPIC -fno-strict-aliasing -O2 -DUSE_RANDR_EXT -DGL_GLEXT_PROTOTYPES -fPIC conftest.cpp >&5
configure:5578: $? = 0
configure:5578: result: yes
configure:5578: checking AL/alut.h presence
configure:5578: g++ -E -fPIC conftest.cpp
configure:5578: $? = 0
configure:5578: result: yes
configure:5578: checking for AL/alut.h
configure:5578: result: yes
configure:5586: checking vorbis/vorbisfile.h usability
configure:5586: g++ -c -fPIC -Wall -fPIC -fno-strict-aliasing -O2 -DUSE_RANDR_EXT -DGL_GLEXT_PROTOTYPES -fPIC conftest.cpp >&5
configure:5586: $? = 0
configure:5586: result: yes
configure:5586: checking vorbis/vorbisfile.h presence
configure:5586: g++ -E -fPIC conftest.cpp
configure:5586: $? = 0
configure:5586: result: yes
configure:5586: checking for vorbis/vorbisfile.h
configure:5586: result: yes
configure:5600: checking for sin in -lm
configure:5625: g++ -o conftest -fPIC -Wall -fPIC -fno-strict-aliasing -O2 -DUSE_RANDR_EXT -DGL_GLEXT_PROTOTYPES -fPIC  conftest.cpp -lm   >&5
conftest.cpp:29:6: warning: declaration of 'char sin()' conflicts with built-in declaration 'double sin(double)' [-Wbuiltin-declaration-mismatch]
   29 | char sin ();
      |      ^~~
configure:5625: $? = 0
configure:5634: result: yes
configure:5652: checking for XOpenDisplay in -lX11
configure:5677: g++ -o conftest -fPIC -Wall -fPIC -fno-strict-aliasing -O2 -DUSE_RANDR_EXT -DGL_GLEXT_PROTOTYPES -fPIC  conftest.cpp -lX11  -lm  >&5
configure:5677: $? = 0
configure:5686: result: yes
configure:5699: checking for XShmCreateImage in -lXext
configure:5724: g++ -o conftest -fPIC -Wall -fPIC -fno-strict-aliasing -O2 -DUSE_RANDR_EXT -DGL_GLEXT_PROTOTYPES -fPIC  conftest.cpp -lXext  -lX11 -lm  >&5
configure:5724: $? = 0
configure:5733: result: yes
configure:5746: checking for IceSetIOErrorHandler in -lICE
configure:5771: g++ -o conftest -fPIC -Wall -fPIC -fno-strict-aliasing -O2 -DUSE_RANDR_EXT -DGL_GLEXT_PROTOTYPES -fPIC  conftest.cpp -lICE  -lXext -lX11 -lm  >&5
configure:5771: $? = 0
configure:5780: result: yes
configure:5793: checking for SmsSetErrorHandler in -lSM
configure:5818: g++ -o conftest -fPIC -Wall -fPIC -fno-strict-aliasing -O2 -DUSE_RANDR_EXT -DGL_GLEXT_PROTOTYPES -fPIC  conftest.cpp -lSM  -lICE -lXext -lX11 -lm  >&5
configure:5818: $? = 0
configure:5827: result: yes
configure:5840: checking for XtDisplay in -lXt
configure:5865: g++ -o conftest -fPIC -Wall -fPIC -fno-strict-aliasing -O2 -DUSE_RANDR_EXT -DGL_GLEXT_PROTOTYPES -fPIC  conftest.cpp -lXt  -lSM -lICE -lXext -lX11 -lm  >&5
configure:5865: $? = 0
configure:5874: result: yes
configure:5887: checking for XOpenDevice in -lXi
configure:5912: g++ -o conftest -fPIC -Wall -fPIC -fno-strict-aliasing -O2 -DUSE_RANDR_EXT -DGL_GLEXT_PROTOTYPES -fPIC  conftest.cpp -lXi  -lXt -lSM -lICE -lXext -lX11 -lm  >&5
configure:5912: $? = 0
configure:5921: result: yes
configure:5934: checking for XmuSimpleErrorHandler in -lXmu
configure:5959: g++ -o conftest -fPIC -Wall -fPIC -fno-strict-aliasing -O2 -DUSE_RANDR_EXT -DGL_GLEXT_PROTOTYPES -fPIC  conftest.cpp -lXmu  -lXi -lXt -lSM -lICE -lXext -lX11 -lm  >&5
configure:5959: $? = 0
configure:5968: result: yes
configure:5981: checking for XF86VidModeSetViewPort in -lXxf86vm
configure:6006: g++ -o conftest -fPIC -Wall -fPIC -fno-strict-aliasing -O2 -DUSE_RANDR_EXT -DGL_GLEXT_PROTOTYPES -fPIC  conftest.cpp -lXxf86vm  -lXmu -lXi -lXt -lSM -lICE -lXext -lX11 -lm  >&5
configure:6006: $? = 0
configure:6015: result: yes
configure:6028: checking for XRenderSetSubpixelOrder in -lXrender
configure:6053: g++ -o conftest -fPIC -Wall -fPIC -fno-strict-aliasing -O2 -DUSE_RANDR_EXT -DGL_GLEXT_PROTOTYPES -fPIC  conftest.cpp -lXrender  -lXxf86vm -lXmu -lXi -lXt -lSM -lICE -lXext -lX11 -lm  >&5
configure:6053: $? = 0
configure:6062: result: yes
configure:6075: checking for XRRQueryVersion in -lXrandr
configure:6100: g++ -o conftest -fPIC -Wall -fPIC -fno-strict-aliasing -O2 -DUSE_RANDR_EXT -DGL_GLEXT_PROTOTYPES -fPIC  conftest.cpp -lXrandr  -lXrender -lXxf86vm -lXmu -lXi -lXt -lSM -lICE -lXext -lX11 -lm  >&5
configure:6100: $? = 0
configure:6109: result: yes
configure:6122: checking for alEnable in -lopenal
configure:6147: g++ -o conftest -fPIC -Wall -fPIC -fno-strict-aliasing -O2 -DUSE_RANDR_EXT -DGL_GLEXT_PROTOTYPES -fPIC  conftest.cpp -lopenal  -lXrandr -lXrender -lXxf86vm -lXmu -lXi -lXt -lSM -lICE -lXext -lX11 -lm  >&5
configure:6147: $? = 0
configure:6156: result: yes
configure:6164: checking for alutLoadWAVFile in -lalut
configure:6189: g++ -o conftest -fPIC -Wall -fPIC -fno-strict-aliasing -O2 -DUSE_RANDR_EXT -DGL_GLEXT_PROTOTYPES -fPIC  -lopenal conftest.cpp -lalut  -lXrandr -lXrender -lXxf86vm -lXmu -lXi -lXt -lSM -lICE -lXext -lX11 -lm  >&5
configure:6189: $? = 0
configure:6198: result: yes
configure:6206: checking for ov_fopen in -lvorbisfile
configure:6231: g++ -o conftest -fPIC -Wall -fPIC -fno-strict-aliasing -O2 -DUSE_RANDR_EXT -DGL_GLEXT_PROTOTYPES -fPIC  -lopenal -lalut conftest.cpp -lvorbisfile  -lXrandr -lXrender -lXxf86vm -lXmu -lXi -lXt -lSM -lICE -lXext -lX11 -lm  >&5
configure:6231: $? = 0
configure:6240: result: yes
configure:6249: checking for dlopen in -ldl
configure:6274: g++ -o conftest -fPIC -Wall -fPIC -fno-strict-aliasing -O2 -DUSE_RANDR_EXT -DGL_GLEXT_PROTOTYPES -fPIC  -lopenal -lalut -lvorbisfile conftest.cpp -ldl  -lXrandr -lXrender -lXxf86vm -lXmu -lXi -lXt -lSM -lICE -lXext -lX11 -lm  >&5
configure:6274: $? = 0
configure:6283: result: yes
configure:6294: checking for dlopen
configure:6294: g++ -o conftest -fPIC -Wall -fPIC -fno-strict-aliasing -O2 -DUSE_RANDR_EXT -DGL_GLEXT_PROTOTYPES -fPIC  -lopenal -lalut -lvorbisfile conftest.cpp -ldl -lXrandr -lXrender -lXxf86vm -lXmu -lXi -lXt -lSM -lICE -lXext -lX11 -lm  >&5
configure:6294: $? = 0
configure:6294: result: yes
configure:6304: checking for strndup
configure:6304: g++ -o conftest -fPIC -Wall -fPIC -fno-strict-aliasing -O2 -DUSE_RANDR_EXT -DGL_GLEXT_PROTOTYPES -fPIC  -lopenal -lalut -lvorbisfile conftest.cpp -ldl -lXrandr -lXrender -lXxf86vm -lXmu -lXi -lXt -lSM -lICE -lXext -lX11 -lm  >&5
conftest.cpp:57:6: warning: declaration of 'char strndup()' conflicts with built-in declaration 'char* strndup(const char*, long unsigned int)' [-Wbuiltin-declaration-mismatch]
   57 | char strndup ();
      |      ^~~~~~~
configure:6304: $? = 0
configure:6304: result: yes
configure:6314: checking for crc32 in -lz
configure:6339: g++ -o conftest -fPIC -Wall -fPIC -fno-strict-aliasing -O2 -DUSE_RANDR_EXT -DGL_GLEXT_PROTOTYPES -fPIC  -lopenal -lalut -lvorbisfile conftest.cpp -lz  -ldl -lXrandr -lXrender -lXxf86vm -lXmu -lXi -lXt -lSM -lICE -lXext -lX11 -lm  >&5
configure:6339: $? = 0
configure:6348: result: yes
configure:6361: checking for png_init_io in -lpng
configure:6386: g++ -o conftest -fPIC -Wall -fPIC -fno-strict-aliasing -O2 -DUSE_RANDR_EXT -DGL_GLEXT_PROTOTYPES -fPIC  -lopenal -lalut -lvorbisfile conftest.cpp -lpng  -lz -ldl -lXrandr -lXrender -lXxf86vm -lXmu -lXi -lXt -lSM -lICE -lXext -lX11 -lm  >&5
configure:6386: $? = 0
configure:6395: result: yes
configure:6409: checking for glGetString in -lGL
configure:6434: g++ -o conftest -fPIC -Wall -fPIC -fno-strict-aliasing -O2 -DUSE_RANDR_EXT -DGL_GLEXT_PROTOTYPES -fPIC  -lopenal -lalut -lvorbisfile conftest.cpp -lGL  -lpng -lz -ldl -lXrandr -lXrender -lXxf86vm -lXmu -lXi -lXt -lSM -lICE -lXext -lX11 -lm  >&5
configure:6434: $? = 0
configure:6443: result: yes
configure:6456: checking for gluOrtho2D in -lGLU
configure:6481: g++ -o conftest -fPIC -Wall -fPIC -fno-strict-aliasing -O2 -DUSE_RANDR_EXT -DGL_GLEXT_PROTOTYPES -fPIC  -lopenal -lalut -lvorbisfile conftest.cpp -lGLU  -lGL -lpng -lz -ldl -lXrandr -lXrender -lXxf86vm -lXmu -lXi -lXt -lSM -lICE -lXext -lX11 -lm  >&5
configure:6481: $? = 0
configure:6490: result: yes
configure:6503: checking for glutSwapBuffers in -lglut
configure:6528: g++ -o conftest -fPIC -Wall -fPIC -fno-strict-aliasing -O2 -DUSE_RANDR_EXT -DGL_GLEXT_PROTOTYPES -fPIC  -lopenal -lalut -lvorbisfile conftest.cpp -lglut  -lGLU -lGL -lpng -lz -ldl -lXrandr -lXrender -lXxf86vm -lXmu -lXi -lXt -lSM -lICE -lXext -lX11 -lm  >&5
configure:6528: $? = 0
configure:6537: result: yes
configure:6551: checking for main in -lplibul
configure:6570: g++ -o conftest -fPIC -Wall -fPIC -fno-strict-aliasing -O2 -DUSE_RANDR_EXT -DGL_GLEXT_PROTOTYPES -fPIC  -lopenal -lalut -lvorbisfile conftest.cpp -lplibul  -lglut -lGLU -lGL -lpng -lz -ldl -lXrandr -lXrender -lXxf86vm -lXmu -lXi -lXt -lSM -lICE -lXext -lX11 -lm  >&5
configure:6570: $? = 0
configure:6579: result: yes
configure:6592: checking for main in -lplibsg
configure:6611: g++ -o conftest -fPIC -Wall -fPIC -fno-strict-aliasing -O2 -DUSE_RANDR_EXT -DGL_GLEXT_PROTOTYPES -fPIC  -lopenal -lalut -lvorbisfile conftest.cpp -lplibsg  -lplibul -lglut -lGLU -lGL -lpng -lz -ldl -lXrandr -lXrender -lXxf86vm -lXmu -lXi -lXt -lSM -lICE -lXext -lX11 -lm  >&5
configure:6611: $? = 0
configure:6620: result: yes
configure:6633: checking for main in -lplibsl
configure:6652: g++ -o conftest -fPIC -Wall -fPIC -fno-strict-aliasing -O2 -DUSE_RANDR_EXT -DGL_GLEXT_PROTOTYPES -fPIC  -lopenal -lalut -lvorbisfile conftest.cpp -lplibsl  -lplibsg -lplibul -lglut -lGLU -lGL -lpng -lz -ldl -lXrandr -lXrender -lXxf86vm -lXmu -lXi -lXt -lSM -lICE -lXext -lX11 -lm  >&5
configure:6652: $? = 0
configure:6661: result: yes
configure:6674: checking for main in -lplibsm
configure:6693: g++ -o conftest -fPIC -Wall -fPIC -fno-strict-aliasing -O2 -DUSE_RANDR_EXT -DGL_GLEXT_PROTOTYPES -fPIC  -lopenal -lalut -lvorbisfile conftest.cpp -lplibsm  -lplibsl -lplibsg -lplibul -lglut -lGLU -lGL -lpng -lz -ldl -lXrandr -lXrender -lXxf86vm -lXmu -lXi -lXt -lSM -lICE -lXext -lX11 -lm  >&5
configure:6693: $? = 0
configure:6702: result: yes
configure:6715: checking for main in -lplibssg
configure:6734: g++ -o conftest -fPIC -Wall -fPIC -fno-strict-aliasing -O2 -DUSE_RANDR_EXT -DGL_GLEXT_PROTOTYPES -fPIC  -lopenal -lalut -lvorbisfile conftest.cpp -lplibssg  -lplibsm -lplibsl -lplibsg -lplibul -lglut -lGLU -lGL -lpng -lz -ldl -lXrandr -lXrender -lXxf86vm -lXmu -lXi -lXt -lSM -lICE -lXext -lX11 -lm  >&5
configure:6734: $? = 0
configure:6743: result: yes
configure:6756: checking for main in -lplibssgaux
configure:6775: g++ -o conftest -fPIC -Wall -fPIC -fno-strict-aliasing -O2 -DUSE_RANDR_EXT -DGL_GLEXT_PROTOTYPES -fPIC  -lopenal -lalut -lvorbisfile conftest.cpp -lplibssgaux  -lplibssg -lplibsm -lplibsl -lplibsg -lplibul -lglut -lGLU -lGL -lpng -lz -ldl -lXrandr -lXrender -lXxf86vm -lXmu -lXi -lXt -lSM -lICE -lXext -lX11 -lm  >&5
configure:6775: $? = 0
configure:6784: result: yes
configure:6797: checking for main in -lplibjs
configure:6816: g++ -o conftest -fPIC -Wall -fPIC -fno-strict-aliasing -O2 -DUSE_RANDR_EXT -DGL_GLEXT_PROTOTYPES -fPIC  -lopenal -lalut -lvorbisfile conftest.cpp -lplibjs  -lplibssgaux -lplibssg -lplibsm -lplibsl -lplibsg -lplibul -lglut -lGLU -lGL -lpng -lz -ldl -lXrandr -lXrender -lXxf86vm -lXmu -lXi -lXt -lSM -lICE -lXext -lX11 -lm  >&5
configure:6816: $? = 0
configure:6825: result: yes
configure:6840: checking for plib 1.8.3 or newer
configure:6861: g++ -o conftest -fPIC -Wall -fPIC -fno-strict-aliasing -O2 -DUSE_RANDR_EXT -DGL_GLEXT_PROTOTYPES -fPIC  -lopenal -lalut -lvorbisfile conftest.cpp -lplibjs -lplibssgaux -lplibssg -lplibsm -lplibsl -lplibsg -lplibul -lglut -lGLU -lGL -lpng -lz -ldl -lXrandr -lXrender -lXxf86vm -lXmu -lXi -lXt -lSM -lICE -lXext -lX11 -lm  >&5
configure:6861: $? = 0
configure:6861: ./conftest
configure:6861: $? = 0
configure:6862: result: yes
configure:6875: checking for GL_VERSION_1_3
configure:6895: g++ -o conftest -fPIC -Wall -fPIC -fno-strict-aliasing -O2 -DUSE_RANDR_EXT -DGL_GLEXT_PROTOTYPES -fPIC  -lopenal -lalut -lvorbisfile conftest.cpp -lplibjs -lplibssgaux -lplibssg -lplibsm -lplibsl -lplibsg -lplibul -lglut -lGLU -lGL -lpng -lz -ldl -lXrandr -lXrender -lXxf86vm -lXmu -lXi -lXt -lSM -lICE -lXext -lX11 -lm  >&5
configure:6895: $? = 0
configure:6895: ./conftest
configure:6895: $? = 0
configure:6896: result: yes
configure:6908: checking for GL_ARB_texture_compression
configure:6928: g++ -o conftest -fPIC -Wall -fPIC -fno-strict-aliasing -O2 -DUSE_RANDR_EXT -DGL_GLEXT_PROTOTYPES -fPIC  -lopenal -lalut -lvorbisfile conftest.cpp -lplibjs -lplibssgaux -lplibssg -lplibsm -lplibsl -lplibsg -lplibul -lglut -lGLU -lGL -lpng -lz -ldl -lXrandr -lXrender -lXxf86vm -lXmu -lXi -lXt -lSM -lICE -lXext -lX11 -lm  >&5
configure:6928: $? = 0
configure:6928: ./conftest
configure:6928: $? = 0
configure:6929: result: yes
configure:7051: checking that generated files are newer than configure
configure:7057: result: done
configure:7085: creating ./config.status

## ---------------------- ##
## Running config.status. ##
## ---------------------- ##

This file was extended by config.status, which was
generated by GNU Autoconf 2.69.  Invocation command line was

  CONFIG_FILES    = 
  CONFIG_HEADERS  = 
  CONFIG_LINKS    = 
  CONFIG_COMMANDS = 
  $ ./config.status 

on rtosbych

config.status:906: creating Make-config
config.status:906: creating src/linux/torcs
config.status:906: creating src/tools/accc/accc
config.status:906: creating src/tools/nfs2ac/nfs2ac
config.status:906: creating src/tools/nfsperf/nfsperf
config.status:906: creating src/tools/texmapper/texmapper
config.status:906: creating src/tools/trackgen/trackgen
config.status:906: creating src/doc/torcsdoc.conf
config.status:906: creating src/tools/package/specfiles/torcs-data.spec
config.status:906: creating src/tools/package/specfiles/torcs-data-cars-Patwo-Design.spec
config.status:906: creating src/tools/package/specfiles/torcs-data-cars-kcendra-gt.spec
config.status:906: creating src/tools/package/specfiles/torcs-data-cars-kcendra-sport.spec
config.status:906: creating src/tools/package/specfiles/torcs-data-cars-kcendra-roadsters.spec
config.status:906: creating src/tools/package/specfiles/torcs-data-cars-extra.spec
config.status:906: creating src/tools/package/specfiles/torcs-data-tracks-base.spec
config.status:906: creating src/tools/package/specfiles/torcs-robot-K1999.spec
config.status:906: creating src/tools/package/specfiles/torcs-robot-base.spec
config.status:906: creating src/tools/package/specfiles/torcs.spec
config.status:906: creating config.h
config.status:1087: config.h is unchanged
config.status:1135: executing depfiles commands

## ---------------- ##
## Cache variables. ##
## ---------------- ##

ac_cv_c_bigendian=no
ac_cv_c_compiler_gnu=yes
ac_cv_c_const=yes
ac_cv_c_inline=inline
ac_cv_cxx_compiler_gnu=yes
ac_cv_env_CCC_set=
ac_cv_env_CCC_value=
ac_cv_env_CC_set=
ac_cv_env_CC_value=
ac_cv_env_CFLAGS_set=set
ac_cv_env_CFLAGS_value=-fPIC
ac_cv_env_CPPFLAGS_set=set
ac_cv_env_CPPFLAGS_value=-fPIC
ac_cv_env_CPP_set=
ac_cv_env_CPP_value=
ac_cv_env_CXXCPP_set=
ac_cv_env_CXXCPP_value=
ac_cv_env_CXXFLAGS_set=set
ac_cv_env_CXXFLAGS_value=-fPIC
ac_cv_env_CXX_set=
ac_cv_env_CXX_value=
ac_cv_env_LDFLAGS_set=
ac_cv_env_LDFLAGS_value=
ac_cv_env_LIBS_set=
ac_cv_env_LIBS_value=
ac_cv_env_XMKMF_set=
ac_cv_env_XMKMF_value=
ac_cv_env_build_alias_set=
ac_cv_env_build_alias_value=
ac_cv_env_host_alias_set=
ac_cv_env_host_alias_value=
ac_cv_env_target_alias_set=
ac_cv_env_target_alias_value=
ac_cv_func_dlopen=yes
ac_cv_func_strndup=yes
ac_cv_have_x='have_x=yes	ac_x_includes='\'''\''	ac_x_libraries='\'''\'''
ac_cv_header_AL_al_h=yes
ac_cv_header_AL_alut_h=yes
ac_cv_header_GL_gl_h=yes
ac_cv_header_GL_glut_h=yes
ac_cv_header_GL_glx_h=yes
ac_cv_header_X11_Xatom_h=yes
ac_cv_header_X11_Xlib_h=yes
ac_cv_header_X11_keysym_h=yes
ac_cv_header_inttypes_h=yes
ac_cv_header_memory_h=yes
ac_cv_header_plib_js_h=yes
ac_cv_header_plib_ssgAux_h=yes
ac_cv_header_plib_ssg_h=yes
ac_cv_header_plib_ul_h=yes
ac_cv_header_stdc=yes
ac_cv_header_stdint_h=yes
ac_cv_header_stdlib_h=yes
ac_cv_header_string_h=yes
ac_cv_header_strings_h=yes
ac_cv_header_sys_stat_h=yes
ac_cv_header_sys_types_h=yes
ac_cv_header_time=yes
ac_cv_header_unistd_h=yes
ac_cv_header_vorbis_vorbisfile_h=yes
ac_cv_lib_GLU_gluOrtho2D=yes
ac_cv_lib_GL_glGetString=yes
ac_cv_lib_ICE_IceSetIOErrorHandler=yes
ac_cv_lib_SM_SmsSetErrorHandler=yes
ac_cv_lib_X11_XOpenDisplay=yes
ac_cv_lib_Xext_XShmCreateImage=yes
ac_cv_lib_Xi_XOpenDevice=yes
ac_cv_lib_Xmu_XmuSimpleErrorHandler=yes
ac_cv_lib_Xrandr_XRRQueryVersion=yes
ac_cv_lib_Xrender_XRenderSetSubpixelOrder=yes
ac_cv_lib_Xt_XtDisplay=yes
ac_cv_lib_Xxf86vm_XF86VidModeSetViewPort=yes
ac_cv_lib_alut_alutLoadWAVFile=yes
ac_cv_lib_dl_dlopen=yes
ac_cv_lib_glut_glutSwapBuffers=yes
ac_cv_lib_m_sin=yes
ac_cv_lib_openal_alEnable=yes
ac_cv_lib_plibjs_main=yes
ac_cv_lib_plibsg_main=yes
ac_cv_lib_plibsl_main=yes
ac_cv_lib_plibsm_main=yes
ac_cv_lib_plibssg_main=yes
ac_cv_lib_plibssgaux_main=yes
ac_cv_lib_plibul_main=yes
ac_cv_lib_png_png_init_io=yes
ac_cv_lib_vorbisfile_ov_fopen=yes
ac_cv_lib_z_crc32=yes
ac_cv_objext=o
ac_cv_path_EGREP='/usr/bin/grep -E'
ac_cv_path_GREP=/usr/bin/grep
ac_cv_path_install='/usr/bin/install -c'
ac_cv_path_mkdir=/usr/bin/mkdir
ac_cv_prog_AR=ar
ac_cv_prog_AWK=mawk
ac_cv_prog_CPP='gcc -E'
ac_cv_prog_CXXCPP='g++ -E'
ac_cv_prog_LD=ld
ac_cv_prog_ac_ct_CC=gcc
ac_cv_prog_ac_ct_CXX=g++
ac_cv_prog_ac_ct_RANLIB=ranlib
ac_cv_prog_cc_c89=
ac_cv_prog_cc_g=yes
ac_cv_prog_cxx_g=yes
ac_cv_prog_make_make_set=yes
am_cv_CC_dependencies_compiler_type=none
am_cv_CXX_dependencies_compiler_type=none
am_cv_make_support_nested_variables=yes

## ----------------- ##
## Output variables. ##
## ----------------- ##

ACLOCAL='aclocal-1.13'
AMDEPBACKSLASH='\'
AMDEP_FALSE='#'
AMDEP_TRUE=''
AMTAR='$${TAR-tar}'
AM_BACKSLASH='\'
AM_DEFAULT_V='$(AM_DEFAULT_VERBOSITY)'
AM_DEFAULT_VERBOSITY='1'
AM_V='$(V)'
AR='ar'
AUTOCONF='autoconf'
AUTOHEADER='autoheader'
AUTOMAKE='automake-1.13'
AWK='mawk'
CC='gcc'
CCDEPMODE='depmode=none'
CFLAGS='-fPIC -Wall -fPIC -fno-strict-aliasing -O2 -DUSE_RANDR_EXT -DGL_GLEXT_PROTOTYPES -Wall -fPIC -fno-strict-aliasing -O2 -DUSE_RANDR_EXT -DGL_GLEXT_PROTOTYPES'
CPP='gcc -E'
CPPFLAGS='-fPIC'
CXX='g++'
CXXCPP='g++ -E'
CXXDEPMODE='depmode=none'
CXXFLAGS='-fPIC -Wall -fPIC -fno-strict-aliasing -O2 -DUSE_RANDR_EXT -DGL_GLEXT_PROTOTYPES -Wall -fPIC -fno-strict-aliasing -O2 -DUSE_RANDR_EXT -DGL_GLEXT_PROTOTYPES'
CYGPATH_W='echo'
DEFS='-DHAVE_CONFIG_H'
DEPDIR='.deps'
ECHO_C=''
ECHO_N='-n'
ECHO_T=''
EGREP='/usr/bin/grep -E'
EXEEXT=''
GREP='/usr/bin/grep'
INSTALL_DATA='${INSTALL} -m 644'
INSTALL_PROGRAM='${INSTALL}'
INSTALL_SCRIPT='${INSTALL}'
INSTALL_STRIP_PROGRAM='$(install_sh) -c -s'
LD='ld'
LDFLAGS=' -lopenal -lalut -lvorbisfile'
LIBOBJS=''
LIBS='-lplibjs -lplibssgaux -lplibssg -lplibsm -lplibsl -lplibsg -lplibul -lglut -lGLU -lGL -lpng -lz -ldl -lXrandr -lXrender -lXxf86vm -lXmu -lXi -lXt -lSM -lICE -lXext -lX11 -lm '
LTLIBOBJS=''
MAKEINFO='makeinfo'
MKDIR_P='/usr/bin/mkdir -p'
OBJEXT='o'
PACKAGE='torcs'
PACKAGE_BUGREPORT=''
PACKAGE_NAME=''
PACKAGE_STRING=''
PACKAGE_TARNAME=''
PACKAGE_URL=''
PACKAGE_VERSION=''
PATH_SEPARATOR=':'
RANLIB='ranlib'
SET_MAKE=''
SHELL='/bin/bash'
STRIP=''
TORCS_BASE='/home/rtos/torcs-1.3.7'
VERSION='1.3.7'
XMKMF=''
ac_ct_CC='gcc'
ac_ct_CXX='g++'
am__EXEEXT_FALSE=''
am__EXEEXT_TRUE='#'
am__fastdepCC_FALSE=''
am__fastdepCC_TRUE='#'
am__fastdepCXX_FALSE=''
am__fastdepCXX_TRUE='#'
am__include='include'
am__isrc=''
am__leading_dot='.'
am__nodep='_no'
am__quote=''
am__tar='$${TAR-tar} chof - "$$tardir"'
am__untar='$${TAR-tar} xf -'
bindir='${exec_prefix}/bin'
build_alias=''
datadir='${datarootdir}'
datarootdir='${prefix}/share'
docdir='${datarootdir}/doc/${PACKAGE}'
dvidir='${docdir}'
exec_prefix='${prefix}'
host_alias=''
htmldir='${docdir}'
includedir='${prefix}/include'
infodir='${datarootdir}/info'
install_sh='${SHELL} /home/rtos/torcs-1.3.7/install-sh'
libdir='${exec_prefix}/lib'
libexecdir='${exec_prefix}/libexec'
localedir='${datarootdir}/locale'
localstatedir='${prefix}/var'
mandir='${datarootdir}/man'
mkdir_p='$(MKDIR_P)'
oldincludedir='/usr/include'
pdfdir='${docdir}'
prefix='/home/rtos/torcs-1.3.7/build'
program_transform_name='s,x,x,'
psdir='${docdir}'
sbindir='${exec_prefix}/sbin'
sharedstatedir='${prefix}/com'
sysconfdir='${prefix}/etc'
target_alias=''

## ----------- ##
## confdefs.h. ##
## ----------- ##

/* confdefs.h */
#define PACKAGE_NAME ""
#define PACKAGE_TARNAME ""
#define PACKAGE_VERSION ""
#define PACKAGE_STRING ""
#define PACKAGE_BUGREPORT ""
#define PACKAGE_URL ""
#define PACKAGE "torcs"
#define VERSION "1.3.7"
#define STDC_HEADERS 1
#define TIME_WITH_SYS_TIME 1
#define HAVE_SYS_TYPES_H 1
#define HAVE_SYS_STAT_H 1
#define HAVE_STDLIB_H 1
#define HAVE_STRING_H 1
#define HAVE_MEMORY_H 1
#define HAVE_STRINGS_H 1
#define HAVE_INTTYPES_H 1
#define HAVE_STDINT_H 1
#define HAVE_UNISTD_H 1
#define HAVE_LIBM 1
#define HAVE_LIBX11 1
#define HAVE_LIBXEXT 1
#define HAVE_LIBICE 1
#define HAVE_LIBSM 1
#define HAVE_LIBXT 1
#define HAVE_LIBXI 1
#define HAVE_LIBXMU 1
#define HAVE_LIBXXF86VM 1
#define HAVE_LIBXRENDER 1
#define HAVE_LIBXRANDR 1
#define HAVE_LIBDL 1
#define HAVE_STRNDUP 1
#define HAVE_LIBZ 1
#define HAVE_LIBPNG 1
#define HAVE_LIBGL 1
#define HAVE_LIBGLU 1
#define HAVE_LIBGLUT 1
#define HAVE_LIBPLIBUL 1
#define HAVE_LIBPLIBSG 1
#define HAVE_LIBPLIBSL 1
#define HAVE_LIBPLIBSM 1
#define HAVE_LIBPLIBSSG 1
#define HAVE_LIBPLIBSSGAUX 1
#define HAVE_LIBPLIBJS 1

configure: exit 0
